  func.cpp
D:\1 КУРС 2 СЕМЕСТР\ЛАБЫ\laba6_FINAL\laba6_FINAL\func.cpp(194,26): warning C4477: "fprintf": в строке форматирования "%s" требуется аргумент типа "char *", но вариативный аргумент "4" имеет тип "CityAddress"
D:\1 КУРС 2 СЕМЕСТР\ЛАБЫ\laba6_FINAL\laba6_FINAL\func.cpp(277,13): warning C4477: "scanf_s": в строке форматирования "%s" требуется аргумент типа "unsigned int", но вариативный аргумент "2" имеет тип "size_t"
D:\1 КУРС 2 СЕМЕСТР\ЛАБЫ\laba6_FINAL\laba6_FINAL\func.cpp(277,13): message : этот аргумент используется в качестве размера буфера
D:\1 КУРС 2 СЕМЕСТР\ЛАБЫ\laba6_FINAL\laba6_FINAL\func.cpp(334,12): warning C4477: "printf": в строке форматирования "%d" требуется аргумент типа "int", но вариативный аргумент "1" имеет тип "char *"
D:\1 КУРС 2 СЕМЕСТР\ЛАБЫ\laba6_FINAL\laba6_FINAL\func.cpp(334,12): warning C4313: printf: конфликт "%d" в строке формата с аргументом 1 типа "char *"
D:\1 КУРС 2 СЕМЕСТР\ЛАБЫ\laba6_FINAL\laba6_FINAL\func.cpp(334,12): warning C4477: "printf": в строке форматирования "%-10d" требуется аргумент типа "int", но вариативный аргумент "2" имеет тип "char *"
D:\1 КУРС 2 СЕМЕСТР\ЛАБЫ\laba6_FINAL\laba6_FINAL\func.cpp(334,12): warning C4313: printf: конфликт "%d" в строке формата с аргументом 2 типа "char *"
D:\1 КУРС 2 СЕМЕСТР\ЛАБЫ\laba6_FINAL\laba6_FINAL\func.cpp(334,12): warning C4473: "printf": передано недостаточно аргументов для строки формата
D:\1 КУРС 2 СЕМЕСТР\ЛАБЫ\laba6_FINAL\laba6_FINAL\func.cpp(334,12): message : заполнители и их параметры ожидают переменное число аргументов в количестве 12, но было предоставлено 10
D:\1 КУРС 2 СЕМЕСТР\ЛАБЫ\laba6_FINAL\laba6_FINAL\func.cpp(334,12): message : отсутствующий вариативный аргумент "11" требуется для строки форматирования "%-15s"
D:\1 КУРС 2 СЕМЕСТР\ЛАБЫ\laba6_FINAL\laba6_FINAL\func.cpp(338,12): warning C4477: "printf": в строке форматирования "%d" требуется аргумент типа "int", но вариативный аргумент "1" имеет тип "char *"
D:\1 КУРС 2 СЕМЕСТР\ЛАБЫ\laba6_FINAL\laba6_FINAL\func.cpp(338,12): warning C4313: printf: конфликт "%d" в строке формата с аргументом 1 типа "char *"
D:\1 КУРС 2 СЕМЕСТР\ЛАБЫ\laba6_FINAL\laba6_FINAL\func.cpp(338,12): warning C4477: "printf": в строке форматирования "%-10d" требуется аргумент типа "int", но вариативный аргумент "2" имеет тип "char *"
D:\1 КУРС 2 СЕМЕСТР\ЛАБЫ\laba6_FINAL\laba6_FINAL\func.cpp(338,12): warning C4313: printf: конфликт "%d" в строке формата с аргументом 2 типа "char *"
D:\1 КУРС 2 СЕМЕСТР\ЛАБЫ\laba6_FINAL\laba6_FINAL\func.cpp(338,12): warning C4473: "printf": передано недостаточно аргументов для строки формата
D:\1 КУРС 2 СЕМЕСТР\ЛАБЫ\laba6_FINAL\laba6_FINAL\func.cpp(338,12): message : заполнители и их параметры ожидают переменное число аргументов в количестве 12, но было предоставлено 10
D:\1 КУРС 2 СЕМЕСТР\ЛАБЫ\laba6_FINAL\laba6_FINAL\func.cpp(338,12): message : отсутствующий вариативный аргумент "11" требуется для строки форматирования "%-15s"
D:\1 КУРС 2 СЕМЕСТР\ЛАБЫ\laba6_FINAL\laba6_FINAL\func.cpp(342,12): warning C4477: "printf": в строке форматирования "%d" требуется аргумент типа "int", но вариативный аргумент "1" имеет тип "char *"
D:\1 КУРС 2 СЕМЕСТР\ЛАБЫ\laba6_FINAL\laba6_FINAL\func.cpp(342,12): warning C4313: printf: конфликт "%d" в строке формата с аргументом 1 типа "char *"
D:\1 КУРС 2 СЕМЕСТР\ЛАБЫ\laba6_FINAL\laba6_FINAL\func.cpp(342,12): warning C4477: "printf": в строке форматирования "%-10d" требуется аргумент типа "int", но вариативный аргумент "2" имеет тип "char *"
D:\1 КУРС 2 СЕМЕСТР\ЛАБЫ\laba6_FINAL\laba6_FINAL\func.cpp(342,12): warning C4313: printf: конфликт "%d" в строке формата с аргументом 2 типа "char *"
D:\1 КУРС 2 СЕМЕСТР\ЛАБЫ\laba6_FINAL\laba6_FINAL\func.cpp(342,12): warning C4473: "printf": передано недостаточно аргументов для строки формата
D:\1 КУРС 2 СЕМЕСТР\ЛАБЫ\laba6_FINAL\laba6_FINAL\func.cpp(342,12): message : заполнители и их параметры ожидают переменное число аргументов в количестве 12, но было предоставлено 10
D:\1 КУРС 2 СЕМЕСТР\ЛАБЫ\laba6_FINAL\laba6_FINAL\func.cpp(342,12): message : отсутствующий вариативный аргумент "11" требуется для строки форматирования "%-15s"
D:\1 КУРС 2 СЕМЕСТР\ЛАБЫ\laba6_FINAL\laba6_FINAL\func.cpp(346,12): warning C4477: "printf": в строке форматирования "%d" требуется аргумент типа "int", но вариативный аргумент "1" имеет тип "char *"
D:\1 КУРС 2 СЕМЕСТР\ЛАБЫ\laba6_FINAL\laba6_FINAL\func.cpp(346,12): warning C4313: printf: конфликт "%d" в строке формата с аргументом 1 типа "char *"
D:\1 КУРС 2 СЕМЕСТР\ЛАБЫ\laba6_FINAL\laba6_FINAL\func.cpp(346,12): warning C4477: "printf": в строке форматирования "%-10d" требуется аргумент типа "int", но вариативный аргумент "2" имеет тип "char *"
D:\1 КУРС 2 СЕМЕСТР\ЛАБЫ\laba6_FINAL\laba6_FINAL\func.cpp(346,12): warning C4313: printf: конфликт "%d" в строке формата с аргументом 2 типа "char *"
D:\1 КУРС 2 СЕМЕСТР\ЛАБЫ\laba6_FINAL\laba6_FINAL\func.cpp(346,12): warning C4473: "printf": передано недостаточно аргументов для строки формата
D:\1 КУРС 2 СЕМЕСТР\ЛАБЫ\laba6_FINAL\laba6_FINAL\func.cpp(346,12): message : заполнители и их параметры ожидают переменное число аргументов в количестве 12, но было предоставлено 10
D:\1 КУРС 2 СЕМЕСТР\ЛАБЫ\laba6_FINAL\laba6_FINAL\func.cpp(346,12): message : отсутствующий вариативный аргумент "11" требуется для строки форматирования "%-15s"
D:\1 КУРС 2 СЕМЕСТР\ЛАБЫ\laba6_FINAL\laba6_FINAL\func.cpp(400,17): warning C4473: "scanf_s": передано недостаточно аргументов для строки формата
D:\1 КУРС 2 СЕМЕСТР\ЛАБЫ\laba6_FINAL\laba6_FINAL\func.cpp(400,17): message : заполнители и их параметры ожидают переменное число аргументов в количестве 2, но было предоставлено 1
D:\1 КУРС 2 СЕМЕСТР\ЛАБЫ\laba6_FINAL\laba6_FINAL\func.cpp(400,17): message : отсутствующий вариативный аргумент "2" требуется для строки форматирования "%s"
D:\1 КУРС 2 СЕМЕСТР\ЛАБЫ\laba6_FINAL\laba6_FINAL\func.cpp(400,17): message : этот аргумент используется в качестве размера буфера
D:\1 КУРС 2 СЕМЕСТР\ЛАБЫ\laba6_FINAL\laba6_FINAL\func.cpp(409,17): warning C4473: "scanf_s": передано недостаточно аргументов для строки формата
D:\1 КУРС 2 СЕМЕСТР\ЛАБЫ\laba6_FINAL\laba6_FINAL\func.cpp(409,17): message : заполнители и их параметры ожидают переменное число аргументов в количестве 2, но было предоставлено 1
D:\1 КУРС 2 СЕМЕСТР\ЛАБЫ\laba6_FINAL\laba6_FINAL\func.cpp(409,17): message : отсутствующий вариативный аргумент "2" требуется для строки форматирования "%s"
D:\1 КУРС 2 СЕМЕСТР\ЛАБЫ\laba6_FINAL\laba6_FINAL\func.cpp(409,17): message : этот аргумент используется в качестве размера буфера
  laba6_FINAL.vcxproj -> D:\1 КУРС 2 СЕМЕСТР\ЛАБЫ\laba6_FINAL\x64\Debug\laba6_FINAL.exe
